[Mon Jun 26 21:38:23 AEST 2017] picard.analysis.CollectInsertSizeMetrics HISTOGRAM_FILE=analysis/GRCh38+rDNA_repeat/picard-tools/insert_size/insert_size_TOV.sorted.pdf INPUT=alignment/GRCh38+rDNA_repeat/TOV.sorted.bam OUTPUT=analysis/GRCh38+rDNA_repeat/picard-tools/insert_size/insert_size_TOV.sorted.txt    DEVIATIONS=10.0 MINIMUM_PCT=0.05 METRIC_ACCUMULATION_LEVEL=[ALL_READS] INCLUDE_DUPLICATES=false ASSUME_SORTED=true STOP_AFTER=0 VERBOSITY=INFO QUIET=false VALIDATION_STRINGENCY=STRICT COMPRESSION_LEVEL=5 MAX_RECORDS_IN_RAM=500000 CREATE_INDEX=false CREATE_MD5_FILE=false GA4GH_CLIENT_SECRETS=client_secrets.json
[Mon Jun 26 21:38:23 AEST 2017] Executing as mevers@compute-5-2.local on Linux 2.6.32-504.16.2.el6.x86_64 amd64; Java HotSpot(TM) 64-Bit Server VM 1.8.0_91-b14; Picard version: 2.7.1-SNAPSHOT
INFO	2017-06-26 21:38:27	SinglePassSamProgram	Processed     1,000,000 records.  Elapsed time: 00:00:04s.  Time for last 1,000,000:    4s.  Last read position: 1:88,117,335
INFO	2017-06-26 21:38:50	SinglePassSamProgram	Processed     2,000,000 records.  Elapsed time: 00:00:27s.  Time for last 1,000,000:   22s.  Last read position: 1:143,202,687
INFO	2017-06-26 21:38:55	SinglePassSamProgram	Processed     3,000,000 records.  Elapsed time: 00:00:32s.  Time for last 1,000,000:    5s.  Last read position: 1:192,306,806
INFO	2017-06-26 21:38:59	SinglePassSamProgram	Processed     4,000,000 records.  Elapsed time: 00:00:35s.  Time for last 1,000,000:    3s.  Last read position: 1:246,320,821
INFO	2017-06-26 21:39:02	SinglePassSamProgram	Processed     5,000,000 records.  Elapsed time: 00:00:39s.  Time for last 1,000,000:    3s.  Last read position: 2:52,611,728
INFO	2017-06-26 21:39:06	SinglePassSamProgram	Processed     6,000,000 records.  Elapsed time: 00:00:43s.  Time for last 1,000,000:    4s.  Last read position: 2:109,449,320
INFO	2017-06-26 21:39:10	SinglePassSamProgram	Processed     7,000,000 records.  Elapsed time: 00:00:46s.  Time for last 1,000,000:    3s.  Last read position: 2:164,534,319
INFO	2017-06-26 21:39:13	SinglePassSamProgram	Processed     8,000,000 records.  Elapsed time: 00:00:50s.  Time for last 1,000,000:    3s.  Last read position: 2:217,339,713
INFO	2017-06-26 21:39:16	SinglePassSamProgram	Processed     9,000,000 records.  Elapsed time: 00:00:53s.  Time for last 1,000,000:    3s.  Last read position: 3:45,807,786
INFO	2017-06-26 21:39:20	SinglePassSamProgram	Processed    10,000,000 records.  Elapsed time: 00:00:57s.  Time for last 1,000,000:    3s.  Last read position: 3:129,783,029
INFO	2017-06-26 21:39:24	SinglePassSamProgram	Processed    11,000,000 records.  Elapsed time: 00:01:01s.  Time for last 1,000,000:    3s.  Last read position: 4:18,083,216
INFO	2017-06-26 21:39:28	SinglePassSamProgram	Processed    12,000,000 records.  Elapsed time: 00:01:05s.  Time for last 1,000,000:    4s.  Last read position: 4:110,994,993
INFO	2017-06-26 21:39:48	SinglePassSamProgram	Processed    13,000,000 records.  Elapsed time: 00:01:24s.  Time for last 1,000,000:   19s.  Last read position: 5:2,616,825
INFO	2017-06-26 21:40:05	SinglePassSamProgram	Processed    14,000,000 records.  Elapsed time: 00:01:42s.  Time for last 1,000,000:   17s.  Last read position: 5:88,869,634
INFO	2017-06-26 21:40:09	SinglePassSamProgram	Processed    15,000,000 records.  Elapsed time: 00:01:45s.  Time for last 1,000,000:    3s.  Last read position: 5:173,340,635
INFO	2017-06-26 21:40:12	SinglePassSamProgram	Processed    16,000,000 records.  Elapsed time: 00:01:48s.  Time for last 1,000,000:    3s.  Last read position: 6:66,590,321
INFO	2017-06-26 21:40:15	SinglePassSamProgram	Processed    17,000,000 records.  Elapsed time: 00:01:51s.  Time for last 1,000,000:    2s.  Last read position: 6:124,179,831
INFO	2017-06-26 21:40:20	SinglePassSamProgram	Processed    18,000,000 records.  Elapsed time: 00:01:57s.  Time for last 1,000,000:    5s.  Last read position: 7:8,805,861
INFO	2017-06-26 21:40:23	SinglePassSamProgram	Processed    19,000,000 records.  Elapsed time: 00:02:00s.  Time for last 1,000,000:    2s.  Last read position: 7:96,087,046
INFO	2017-06-26 21:40:26	SinglePassSamProgram	Processed    20,000,000 records.  Elapsed time: 00:02:03s.  Time for last 1,000,000:    2s.  Last read position: 8:11,442,781
INFO	2017-06-26 21:40:29	SinglePassSamProgram	Processed    21,000,000 records.  Elapsed time: 00:02:06s.  Time for last 1,000,000:    2s.  Last read position: 8:85,752,869
INFO	2017-06-26 21:40:32	SinglePassSamProgram	Processed    22,000,000 records.  Elapsed time: 00:02:09s.  Time for last 1,000,000:    3s.  Last read position: 9:12,479,280
INFO	2017-06-26 21:40:36	SinglePassSamProgram	Processed    23,000,000 records.  Elapsed time: 00:02:12s.  Time for last 1,000,000:    3s.  Last read position: 9:111,451,275
INFO	2017-06-26 21:40:39	SinglePassSamProgram	Processed    24,000,000 records.  Elapsed time: 00:02:16s.  Time for last 1,000,000:    3s.  Last read position: 10:35,580,625
INFO	2017-06-26 21:40:43	SinglePassSamProgram	Processed    25,000,000 records.  Elapsed time: 00:02:20s.  Time for last 1,000,000:    4s.  Last read position: 10:116,057,142
INFO	2017-06-26 21:40:47	SinglePassSamProgram	Processed    26,000,000 records.  Elapsed time: 00:02:23s.  Time for last 1,000,000:    3s.  Last read position: 11:67,411,466
INFO	2017-06-26 21:40:52	SinglePassSamProgram	Processed    27,000,000 records.  Elapsed time: 00:02:28s.  Time for last 1,000,000:    4s.  Last read position: 12:11,976,065
INFO	2017-06-26 21:40:55	SinglePassSamProgram	Processed    28,000,000 records.  Elapsed time: 00:02:32s.  Time for last 1,000,000:    3s.  Last read position: 12:82,426,327
INFO	2017-06-26 21:40:59	SinglePassSamProgram	Processed    29,000,000 records.  Elapsed time: 00:02:36s.  Time for last 1,000,000:    3s.  Last read position: 13:52,476,482
INFO	2017-06-26 21:41:03	SinglePassSamProgram	Processed    30,000,000 records.  Elapsed time: 00:02:40s.  Time for last 1,000,000:    3s.  Last read position: 14:30,710,465
INFO	2017-06-26 21:41:08	SinglePassSamProgram	Processed    31,000,000 records.  Elapsed time: 00:02:44s.  Time for last 1,000,000:    4s.  Last read position: 14:88,616,780
INFO	2017-06-26 21:41:11	SinglePassSamProgram	Processed    32,000,000 records.  Elapsed time: 00:02:48s.  Time for last 1,000,000:    3s.  Last read position: 15:47,077,767
INFO	2017-06-26 21:41:14	SinglePassSamProgram	Processed    33,000,000 records.  Elapsed time: 00:02:51s.  Time for last 1,000,000:    2s.  Last read position: 16:12,535,838
INFO	2017-06-26 21:41:17	SinglePassSamProgram	Processed    34,000,000 records.  Elapsed time: 00:02:53s.  Time for last 1,000,000:    2s.  Last read position: 16:89,119,886
INFO	2017-06-26 21:41:20	SinglePassSamProgram	Processed    35,000,000 records.  Elapsed time: 00:02:56s.  Time for last 1,000,000:    2s.  Last read position: 17:58,306,074
INFO	2017-06-26 21:41:23	SinglePassSamProgram	Processed    36,000,000 records.  Elapsed time: 00:02:59s.  Time for last 1,000,000:    2s.  Last read position: 18:45,512,688
INFO	2017-06-26 21:41:26	SinglePassSamProgram	Processed    37,000,000 records.  Elapsed time: 00:03:03s.  Time for last 1,000,000:    3s.  Last read position: 19:58,470,085
INFO	2017-06-26 21:41:31	SinglePassSamProgram	Processed    38,000,000 records.  Elapsed time: 00:03:07s.  Time for last 1,000,000:    4s.  Last read position: 21:10,128,045
INFO	2017-06-26 21:41:37	SinglePassSamProgram	Processed    39,000,000 records.  Elapsed time: 00:03:14s.  Time for last 1,000,000:    6s.  Last read position: 22:43,821,408
INFO	2017-06-26 21:41:43	SinglePassSamProgram	Processed    40,000,000 records.  Elapsed time: 00:03:20s.  Time for last 1,000,000:    6s.  Last read position: X:133,866,541
INFO	2017-06-26 21:41:48	RExecutor	Executing R script via command: Rscript /tmp/mevers/script379799483969011943.R /home/mevers/Projects/CN_WGS/analysis/GRCh38+rDNA_repeat/picard-tools/insert_size/insert_size_TOV.sorted.txt /home/mevers/Projects/CN_WGS/analysis/GRCh38+rDNA_repeat/picard-tools/insert_size/insert_size_TOV.sorted.pdf TOV.sorted.bam
INFO	2017-06-26 21:41:49	ProcessExecutor	null device 
INFO	2017-06-26 21:41:49	ProcessExecutor	          1 
[Mon Jun 26 21:41:49 AEST 2017] picard.analysis.CollectInsertSizeMetrics done. Elapsed time: 3.45 minutes.
Runtime.totalMemory()=6161956864
