[Mon Jun 26 21:38:23 AEST 2017] picard.sam.markduplicates.MarkDuplicates INPUT=[alignment/GRCh38+rDNA_repeat/TOV.sorted.bam] OUTPUT=analysis/GRCh38+rDNA_repeat/picard-tools/dupes/TOV_markedDupes.bam METRICS_FILE=analysis/GRCh38+rDNA_repeat/picard-tools/dupes/TOV_metrics.txt    MAX_SEQUENCES_FOR_DISK_READ_ENDS_MAP=50000 MAX_FILE_HANDLES_FOR_READ_ENDS_MAP=8000 SORTING_COLLECTION_SIZE_RATIO=0.25 REMOVE_SEQUENCING_DUPLICATES=false TAGGING_POLICY=DontTag REMOVE_DUPLICATES=false ASSUME_SORTED=false DUPLICATE_SCORING_STRATEGY=SUM_OF_BASE_QUALITIES PROGRAM_RECORD_ID=MarkDuplicates PROGRAM_GROUP_NAME=MarkDuplicates READ_NAME_REGEX=<optimized capture of last three ':' separated fields as numeric values> OPTICAL_DUPLICATE_PIXEL_DISTANCE=100 VERBOSITY=INFO QUIET=false VALIDATION_STRINGENCY=STRICT COMPRESSION_LEVEL=5 MAX_RECORDS_IN_RAM=500000 CREATE_INDEX=false CREATE_MD5_FILE=false GA4GH_CLIENT_SECRETS=client_secrets.json
[Mon Jun 26 21:38:23 AEST 2017] Executing as mevers@compute-5-2.local on Linux 2.6.32-504.16.2.el6.x86_64 amd64; Java HotSpot(TM) 64-Bit Server VM 1.8.0_91-b14; Picard version: 2.7.1-SNAPSHOT
INFO	2017-06-26 21:38:23	MarkDuplicates	Start of doWork freeMemory: 2042709312; totalMemory: 2058354688; maxMemory: 23861395456
INFO	2017-06-26 21:38:23	MarkDuplicates	Reading input file and constructing read end information.
INFO	2017-06-26 21:38:23	MarkDuplicates	Will retain up to 91774597 data points before spilling to disk.
INFO	2017-06-26 21:38:50	MarkDuplicates	Read     1,000,000 records.  Elapsed time: 00:00:26s.  Time for last 1,000,000:   26s.  Last read position: 1:88,117,335
INFO	2017-06-26 21:38:50	MarkDuplicates	Tracking 6 as yet unmatched pairs. 6 records in RAM.
INFO	2017-06-26 21:39:05	MarkDuplicates	Read     2,000,000 records.  Elapsed time: 00:00:42s.  Time for last 1,000,000:   15s.  Last read position: 1:143,202,687
INFO	2017-06-26 21:39:05	MarkDuplicates	Tracking 16166 as yet unmatched pairs. 16166 records in RAM.
INFO	2017-06-26 21:39:12	MarkDuplicates	Read     3,000,000 records.  Elapsed time: 00:00:49s.  Time for last 1,000,000:    7s.  Last read position: 1:192,306,806
INFO	2017-06-26 21:39:12	MarkDuplicates	Tracking 6 as yet unmatched pairs. 6 records in RAM.
INFO	2017-06-26 21:39:29	MarkDuplicates	Read     4,000,000 records.  Elapsed time: 00:01:05s.  Time for last 1,000,000:   16s.  Last read position: 1:246,320,821
INFO	2017-06-26 21:39:29	MarkDuplicates	Tracking 10 as yet unmatched pairs. 10 records in RAM.
INFO	2017-06-26 21:40:11	MarkDuplicates	Read     5,000,000 records.  Elapsed time: 00:01:48s.  Time for last 1,000,000:   42s.  Last read position: 2:52,611,728
INFO	2017-06-26 21:40:11	MarkDuplicates	Tracking 6 as yet unmatched pairs. 6 records in RAM.
INFO	2017-06-26 21:40:21	MarkDuplicates	Read     6,000,000 records.  Elapsed time: 00:01:57s.  Time for last 1,000,000:    9s.  Last read position: 2:109,449,320
INFO	2017-06-26 21:40:21	MarkDuplicates	Tracking 8 as yet unmatched pairs. 8 records in RAM.
INFO	2017-06-26 21:40:26	MarkDuplicates	Read     7,000,000 records.  Elapsed time: 00:02:02s.  Time for last 1,000,000:    4s.  Last read position: 2:164,534,319
INFO	2017-06-26 21:40:26	MarkDuplicates	Tracking 6 as yet unmatched pairs. 6 records in RAM.
INFO	2017-06-26 21:40:31	MarkDuplicates	Read     8,000,000 records.  Elapsed time: 00:02:07s.  Time for last 1,000,000:    5s.  Last read position: 2:217,339,713
INFO	2017-06-26 21:40:31	MarkDuplicates	Tracking 8 as yet unmatched pairs. 8 records in RAM.
INFO	2017-06-26 21:41:13	MarkDuplicates	Read     9,000,000 records.  Elapsed time: 00:02:49s.  Time for last 1,000,000:   42s.  Last read position: 3:45,807,786
INFO	2017-06-26 21:41:13	MarkDuplicates	Tracking 4 as yet unmatched pairs. 4 records in RAM.
INFO	2017-06-26 21:41:18	MarkDuplicates	Read    10,000,000 records.  Elapsed time: 00:02:54s.  Time for last 1,000,000:    4s.  Last read position: 3:129,783,029
INFO	2017-06-26 21:41:18	MarkDuplicates	Tracking 4 as yet unmatched pairs. 4 records in RAM.
INFO	2017-06-26 21:41:22	MarkDuplicates	Read    11,000,000 records.  Elapsed time: 00:02:59s.  Time for last 1,000,000:    4s.  Last read position: 4:18,083,216
INFO	2017-06-26 21:41:22	MarkDuplicates	Tracking 6 as yet unmatched pairs. 6 records in RAM.
INFO	2017-06-26 21:41:57	MarkDuplicates	Read    12,000,000 records.  Elapsed time: 00:03:33s.  Time for last 1,000,000:   34s.  Last read position: 4:110,994,993
INFO	2017-06-26 21:41:57	MarkDuplicates	Tracking 8 as yet unmatched pairs. 8 records in RAM.
INFO	2017-06-26 21:42:01	MarkDuplicates	Read    13,000,000 records.  Elapsed time: 00:03:37s.  Time for last 1,000,000:    4s.  Last read position: 5:2,616,825
INFO	2017-06-26 21:42:01	MarkDuplicates	Tracking 6 as yet unmatched pairs. 6 records in RAM.
INFO	2017-06-26 21:42:06	MarkDuplicates	Read    14,000,000 records.  Elapsed time: 00:03:42s.  Time for last 1,000,000:    4s.  Last read position: 5:88,869,634
INFO	2017-06-26 21:42:06	MarkDuplicates	Tracking 2 as yet unmatched pairs. 2 records in RAM.
INFO	2017-06-26 21:42:22	MarkDuplicates	Read    15,000,000 records.  Elapsed time: 00:03:58s.  Time for last 1,000,000:   16s.  Last read position: 5:173,340,635
INFO	2017-06-26 21:42:22	MarkDuplicates	Tracking 6 as yet unmatched pairs. 6 records in RAM.
INFO	2017-06-26 21:42:27	MarkDuplicates	Read    16,000,000 records.  Elapsed time: 00:04:03s.  Time for last 1,000,000:    4s.  Last read position: 6:66,590,321
INFO	2017-06-26 21:42:27	MarkDuplicates	Tracking 4 as yet unmatched pairs. 4 records in RAM.
INFO	2017-06-26 21:42:32	MarkDuplicates	Read    17,000,000 records.  Elapsed time: 00:04:08s.  Time for last 1,000,000:    4s.  Last read position: 6:124,179,831
INFO	2017-06-26 21:42:32	MarkDuplicates	Tracking 4 as yet unmatched pairs. 4 records in RAM.
INFO	2017-06-26 21:42:41	MarkDuplicates	Read    18,000,000 records.  Elapsed time: 00:04:17s.  Time for last 1,000,000:    8s.  Last read position: 7:8,805,861
INFO	2017-06-26 21:42:41	MarkDuplicates	Tracking 2 as yet unmatched pairs. 2 records in RAM.
INFO	2017-06-26 21:42:45	MarkDuplicates	Read    19,000,000 records.  Elapsed time: 00:04:21s.  Time for last 1,000,000:    4s.  Last read position: 7:96,087,046
INFO	2017-06-26 21:42:45	MarkDuplicates	Tracking 2 as yet unmatched pairs. 2 records in RAM.
INFO	2017-06-26 21:42:58	MarkDuplicates	Read    20,000,000 records.  Elapsed time: 00:04:34s.  Time for last 1,000,000:   13s.  Last read position: 8:11,442,781
INFO	2017-06-26 21:42:58	MarkDuplicates	Tracking 4 as yet unmatched pairs. 4 records in RAM.
INFO	2017-06-26 21:43:03	MarkDuplicates	Read    21,000,000 records.  Elapsed time: 00:04:39s.  Time for last 1,000,000:    4s.  Last read position: 8:85,752,869
INFO	2017-06-26 21:43:03	MarkDuplicates	Tracking 18 as yet unmatched pairs. 18 records in RAM.
INFO	2017-06-26 21:43:07	MarkDuplicates	Read    22,000,000 records.  Elapsed time: 00:04:44s.  Time for last 1,000,000:    4s.  Last read position: 9:12,479,280
INFO	2017-06-26 21:43:07	MarkDuplicates	Tracking 2 as yet unmatched pairs. 2 records in RAM.
INFO	2017-06-26 21:43:39	MarkDuplicates	Read    23,000,000 records.  Elapsed time: 00:05:15s.  Time for last 1,000,000:   31s.  Last read position: 9:111,451,275
INFO	2017-06-26 21:43:39	MarkDuplicates	Tracking 8 as yet unmatched pairs. 8 records in RAM.
INFO	2017-06-26 21:43:43	MarkDuplicates	Read    24,000,000 records.  Elapsed time: 00:05:20s.  Time for last 1,000,000:    4s.  Last read position: 10:35,580,625
INFO	2017-06-26 21:43:43	MarkDuplicates	Tracking 12 as yet unmatched pairs. 12 records in RAM.
INFO	2017-06-26 21:43:48	MarkDuplicates	Read    25,000,000 records.  Elapsed time: 00:05:24s.  Time for last 1,000,000:    4s.  Last read position: 10:116,057,142
INFO	2017-06-26 21:43:48	MarkDuplicates	Tracking 2 as yet unmatched pairs. 2 records in RAM.
INFO	2017-06-26 21:43:57	MarkDuplicates	Read    26,000,000 records.  Elapsed time: 00:05:33s.  Time for last 1,000,000:    8s.  Last read position: 11:67,411,466
INFO	2017-06-26 21:43:57	MarkDuplicates	Tracking 4 as yet unmatched pairs. 4 records in RAM.
INFO	2017-06-26 21:44:01	MarkDuplicates	Read    27,000,000 records.  Elapsed time: 00:05:37s.  Time for last 1,000,000:    4s.  Last read position: 12:11,976,065
INFO	2017-06-26 21:44:01	MarkDuplicates	Tracking 4 as yet unmatched pairs. 4 records in RAM.
INFO	2017-06-26 21:44:06	MarkDuplicates	Read    28,000,000 records.  Elapsed time: 00:05:42s.  Time for last 1,000,000:    4s.  Last read position: 12:82,426,327
INFO	2017-06-26 21:44:06	MarkDuplicates	Tracking 2 as yet unmatched pairs. 2 records in RAM.
INFO	2017-06-26 21:44:30	MarkDuplicates	Read    29,000,000 records.  Elapsed time: 00:06:06s.  Time for last 1,000,000:   24s.  Last read position: 13:52,476,482
INFO	2017-06-26 21:44:30	MarkDuplicates	Tracking 4 as yet unmatched pairs. 4 records in RAM.
INFO	2017-06-26 21:44:34	MarkDuplicates	Read    30,000,000 records.  Elapsed time: 00:06:11s.  Time for last 1,000,000:    4s.  Last read position: 14:30,710,465
INFO	2017-06-26 21:44:34	MarkDuplicates	Tracking 4 as yet unmatched pairs. 4 records in RAM.
INFO	2017-06-26 21:44:39	MarkDuplicates	Read    31,000,000 records.  Elapsed time: 00:06:15s.  Time for last 1,000,000:    4s.  Last read position: 14:88,616,780
INFO	2017-06-26 21:44:39	MarkDuplicates	Tracking 6 as yet unmatched pairs. 6 records in RAM.
INFO	2017-06-26 21:45:09	MarkDuplicates	Read    32,000,000 records.  Elapsed time: 00:06:45s.  Time for last 1,000,000:   30s.  Last read position: 15:47,077,767
INFO	2017-06-26 21:45:09	MarkDuplicates	Tracking 40 as yet unmatched pairs. 40 records in RAM.
INFO	2017-06-26 21:45:14	MarkDuplicates	Read    33,000,000 records.  Elapsed time: 00:06:50s.  Time for last 1,000,000:    5s.  Last read position: 16:12,535,838
INFO	2017-06-26 21:45:14	MarkDuplicates	Tracking 8 as yet unmatched pairs. 8 records in RAM.
INFO	2017-06-26 21:45:19	MarkDuplicates	Read    34,000,000 records.  Elapsed time: 00:06:55s.  Time for last 1,000,000:    4s.  Last read position: 16:89,119,886
INFO	2017-06-26 21:45:19	MarkDuplicates	Tracking 10 as yet unmatched pairs. 10 records in RAM.
INFO	2017-06-26 21:45:27	MarkDuplicates	Read    35,000,000 records.  Elapsed time: 00:07:03s.  Time for last 1,000,000:    8s.  Last read position: 17:58,306,074
INFO	2017-06-26 21:45:27	MarkDuplicates	Tracking 6 as yet unmatched pairs. 6 records in RAM.
INFO	2017-06-26 21:45:32	MarkDuplicates	Read    36,000,000 records.  Elapsed time: 00:07:08s.  Time for last 1,000,000:    4s.  Last read position: 18:45,512,688
INFO	2017-06-26 21:45:32	MarkDuplicates	Tracking 2 as yet unmatched pairs. 2 records in RAM.
INFO	2017-06-26 21:45:37	MarkDuplicates	Read    37,000,000 records.  Elapsed time: 00:07:13s.  Time for last 1,000,000:    5s.  Last read position: 19:58,470,085
INFO	2017-06-26 21:45:37	MarkDuplicates	Tracking 0 as yet unmatched pairs. 0 records in RAM.
INFO	2017-06-26 21:45:52	MarkDuplicates	Read    38,000,000 records.  Elapsed time: 00:07:28s.  Time for last 1,000,000:   15s.  Last read position: 21:10,128,045
INFO	2017-06-26 21:45:52	MarkDuplicates	Tracking 20 as yet unmatched pairs. 20 records in RAM.
INFO	2017-06-26 21:45:57	MarkDuplicates	Read    39,000,000 records.  Elapsed time: 00:07:33s.  Time for last 1,000,000:    4s.  Last read position: 22:43,821,408
INFO	2017-06-26 21:45:57	MarkDuplicates	Tracking 6 as yet unmatched pairs. 6 records in RAM.
INFO	2017-06-26 21:46:01	MarkDuplicates	Read    40,000,000 records.  Elapsed time: 00:07:37s.  Time for last 1,000,000:    4s.  Last read position: X:133,866,541
INFO	2017-06-26 21:46:01	MarkDuplicates	Tracking 2 as yet unmatched pairs. 2 records in RAM.
INFO	2017-06-26 21:46:27	MarkDuplicates	Read 40669758 records. 0 pairs never matched.
INFO	2017-06-26 21:46:54	MarkDuplicates	After buildSortedReadEndLists freeMemory: 8498251600; totalMemory: 13784580096; maxMemory: 23861395456
INFO	2017-06-26 21:46:54	MarkDuplicates	Will retain up to 745668608 duplicate indices before spilling to disk.
INFO	2017-06-26 21:46:56	MarkDuplicates	Traversing read pair information and detecting duplicates.
INFO	2017-06-26 21:47:02	MarkDuplicates	Traversing fragment information and detecting duplicates.
INFO	2017-06-26 21:47:13	MarkDuplicates	Sorting list of duplicate records.
INFO	2017-06-26 21:47:14	MarkDuplicates	After generateDuplicateIndexes freeMemory: 7662646096; totalMemory: 13784580096; maxMemory: 23861395456
INFO	2017-06-26 21:47:14	MarkDuplicates	Marking 289704 records as duplicates.
INFO	2017-06-26 21:47:14	MarkDuplicates	Found 1717 optical duplicate clusters.
INFO	2017-06-26 21:47:14	MarkDuplicates	Reads are assumed to be ordered by: coordinate
INFO	2017-06-26 21:50:34	MarkDuplicates	Written    10,000,000 records.  Elapsed time: 00:03:19s.  Time for last 10,000,000:  199s.  Last read position: 3:129,783,029
INFO	2017-06-26 21:53:51	MarkDuplicates	Written    20,000,000 records.  Elapsed time: 00:06:36s.  Time for last 10,000,000:  197s.  Last read position: 8:11,442,781
INFO	2017-06-26 21:57:06	MarkDuplicates	Written    30,000,000 records.  Elapsed time: 00:09:51s.  Time for last 10,000,000:  195s.  Last read position: 14:30,710,465
INFO	2017-06-26 22:00:18	MarkDuplicates	Written    40,000,000 records.  Elapsed time: 00:13:03s.  Time for last 10,000,000:  191s.  Last read position: X:133,866,541
INFO	2017-06-26 22:00:30	MarkDuplicates	Before output close freeMemory: 19623787376; totalMemory: 19787677696; maxMemory: 23861395456
INFO	2017-06-26 22:00:32	MarkDuplicates	After output close freeMemory: 19264647088; totalMemory: 19428540416; maxMemory: 23861395456
[Mon Jun 26 22:00:32 AEST 2017] picard.sam.markduplicates.MarkDuplicates done. Elapsed time: 22.15 minutes.
Runtime.totalMemory()=19428540416
