[Mon Jun 26 22:14:07 AEST 2017] picard.analysis.CollectInsertSizeMetrics HISTOGRAM_FILE=analysis/GRCh38+rDNA_repeat/picard-tools/insert_size/insert_size_TOV.sorted.dedup.pdf INPUT=alignment/GRCh38+rDNA_repeat/TOV.sorted.dedup.bam OUTPUT=analysis/GRCh38+rDNA_repeat/picard-tools/insert_size/insert_size_TOV.sorted.dedup.txt    DEVIATIONS=10.0 MINIMUM_PCT=0.05 METRIC_ACCUMULATION_LEVEL=[ALL_READS] INCLUDE_DUPLICATES=false ASSUME_SORTED=true STOP_AFTER=0 VERBOSITY=INFO QUIET=false VALIDATION_STRINGENCY=STRICT COMPRESSION_LEVEL=5 MAX_RECORDS_IN_RAM=500000 CREATE_INDEX=false CREATE_MD5_FILE=false GA4GH_CLIENT_SECRETS=client_secrets.json
[Mon Jun 26 22:14:07 AEST 2017] Executing as mevers@compute-5-2.local on Linux 2.6.32-504.16.2.el6.x86_64 amd64; Java HotSpot(TM) 64-Bit Server VM 1.8.0_91-b14; Picard version: 2.7.1-SNAPSHOT
INFO	2017-06-26 22:14:11	SinglePassSamProgram	Processed     1,000,000 records.  Elapsed time: 00:00:03s.  Time for last 1,000,000:    3s.  Last read position: 1:88,224,651
INFO	2017-06-26 22:14:14	SinglePassSamProgram	Processed     2,000,000 records.  Elapsed time: 00:00:07s.  Time for last 1,000,000:    3s.  Last read position: 1:145,719,257
INFO	2017-06-26 22:14:17	SinglePassSamProgram	Processed     3,000,000 records.  Elapsed time: 00:00:10s.  Time for last 1,000,000:    3s.  Last read position: 1:201,136,409
INFO	2017-06-26 22:14:21	SinglePassSamProgram	Processed     4,000,000 records.  Elapsed time: 00:00:13s.  Time for last 1,000,000:    3s.  Last read position: 2:5,764,250
INFO	2017-06-26 22:14:24	SinglePassSamProgram	Processed     5,000,000 records.  Elapsed time: 00:00:17s.  Time for last 1,000,000:    3s.  Last read position: 2:61,049,089
INFO	2017-06-26 22:14:27	SinglePassSamProgram	Processed     6,000,000 records.  Elapsed time: 00:00:19s.  Time for last 1,000,000:    2s.  Last read position: 2:118,689,254
INFO	2017-06-26 22:14:29	SinglePassSamProgram	Processed     7,000,000 records.  Elapsed time: 00:00:22s.  Time for last 1,000,000:    2s.  Last read position: 2:172,918,843
INFO	2017-06-26 22:14:32	SinglePassSamProgram	Processed     8,000,000 records.  Elapsed time: 00:00:25s.  Time for last 1,000,000:    2s.  Last read position: 2:225,909,202
INFO	2017-06-26 22:14:35	SinglePassSamProgram	Processed     9,000,000 records.  Elapsed time: 00:00:28s.  Time for last 1,000,000:    2s.  Last read position: 3:57,556,739
INFO	2017-06-26 22:14:38	SinglePassSamProgram	Processed    10,000,000 records.  Elapsed time: 00:00:31s.  Time for last 1,000,000:    2s.  Last read position: 3:145,240,033
INFO	2017-06-26 22:14:41	SinglePassSamProgram	Processed    11,000,000 records.  Elapsed time: 00:00:33s.  Time for last 1,000,000:    2s.  Last read position: 4:33,319,895
INFO	2017-06-26 22:14:44	SinglePassSamProgram	Processed    12,000,000 records.  Elapsed time: 00:00:36s.  Time for last 1,000,000:    2s.  Last read position: 4:125,243,734
INFO	2017-06-26 22:14:46	SinglePassSamProgram	Processed    13,000,000 records.  Elapsed time: 00:00:39s.  Time for last 1,000,000:    2s.  Last read position: 5:14,851,394
INFO	2017-06-26 22:14:49	SinglePassSamProgram	Processed    14,000,000 records.  Elapsed time: 00:00:42s.  Time for last 1,000,000:    2s.  Last read position: 5:102,743,208
INFO	2017-06-26 22:14:52	SinglePassSamProgram	Processed    15,000,000 records.  Elapsed time: 00:00:45s.  Time for last 1,000,000:    2s.  Last read position: 6:13,563,652
INFO	2017-06-26 22:14:55	SinglePassSamProgram	Processed    16,000,000 records.  Elapsed time: 00:00:48s.  Time for last 1,000,000:    2s.  Last read position: 6:77,461,033
INFO	2017-06-26 22:14:58	SinglePassSamProgram	Processed    17,000,000 records.  Elapsed time: 00:00:51s.  Time for last 1,000,000:    2s.  Last read position: 6:133,256,858
INFO	2017-06-26 22:15:01	SinglePassSamProgram	Processed    18,000,000 records.  Elapsed time: 00:00:53s.  Time for last 1,000,000:    2s.  Last read position: 7:22,757,117
INFO	2017-06-26 22:15:04	SinglePassSamProgram	Processed    19,000,000 records.  Elapsed time: 00:00:56s.  Time for last 1,000,000:    2s.  Last read position: 7:112,152,570
INFO	2017-06-26 22:15:07	SinglePassSamProgram	Processed    20,000,000 records.  Elapsed time: 00:00:59s.  Time for last 1,000,000:    2s.  Last read position: 8:22,137,816
INFO	2017-06-26 22:15:09	SinglePassSamProgram	Processed    21,000,000 records.  Elapsed time: 00:01:02s.  Time for last 1,000,000:    2s.  Last read position: 8:101,881,532
INFO	2017-06-26 22:15:12	SinglePassSamProgram	Processed    22,000,000 records.  Elapsed time: 00:01:05s.  Time for last 1,000,000:    2s.  Last read position: 9:27,183,938
INFO	2017-06-26 22:15:15	SinglePassSamProgram	Processed    23,000,000 records.  Elapsed time: 00:01:08s.  Time for last 1,000,000:    2s.  Last read position: 9:128,941,608
INFO	2017-06-26 22:15:18	SinglePassSamProgram	Processed    24,000,000 records.  Elapsed time: 00:01:11s.  Time for last 1,000,000:    2s.  Last read position: 10:47,311,046
INFO	2017-06-26 22:15:21	SinglePassSamProgram	Processed    25,000,000 records.  Elapsed time: 00:01:14s.  Time for last 1,000,000:    2s.  Last read position: 10:129,614,489
INFO	2017-06-26 22:15:24	SinglePassSamProgram	Processed    26,000,000 records.  Elapsed time: 00:01:16s.  Time for last 1,000,000:    2s.  Last read position: 11:86,925,111
INFO	2017-06-26 22:15:27	SinglePassSamProgram	Processed    27,000,000 records.  Elapsed time: 00:01:19s.  Time for last 1,000,000:    2s.  Last read position: 12:23,531,357
INFO	2017-06-26 22:15:30	SinglePassSamProgram	Processed    28,000,000 records.  Elapsed time: 00:01:22s.  Time for last 1,000,000:    3s.  Last read position: 12:99,310,149
INFO	2017-06-26 22:15:33	SinglePassSamProgram	Processed    29,000,000 records.  Elapsed time: 00:01:25s.  Time for last 1,000,000:    2s.  Last read position: 13:70,220,505
INFO	2017-06-26 22:15:36	SinglePassSamProgram	Processed    30,000,000 records.  Elapsed time: 00:01:28s.  Time for last 1,000,000:    2s.  Last read position: 14:49,533,294
INFO	2017-06-26 22:15:38	SinglePassSamProgram	Processed    31,000,000 records.  Elapsed time: 00:01:31s.  Time for last 1,000,000:    2s.  Last read position: 14:97,949,373
INFO	2017-06-26 22:15:41	SinglePassSamProgram	Processed    32,000,000 records.  Elapsed time: 00:01:34s.  Time for last 1,000,000:    2s.  Last read position: 15:63,441,756
INFO	2017-06-26 22:15:44	SinglePassSamProgram	Processed    33,000,000 records.  Elapsed time: 00:01:37s.  Time for last 1,000,000:    2s.  Last read position: 16:34,595,734
INFO	2017-06-26 22:15:47	SinglePassSamProgram	Processed    34,000,000 records.  Elapsed time: 00:01:40s.  Time for last 1,000,000:    2s.  Last read position: 17:15,102,616
INFO	2017-06-26 22:15:50	SinglePassSamProgram	Processed    35,000,000 records.  Elapsed time: 00:01:43s.  Time for last 1,000,000:    3s.  Last read position: 17:73,279,951
INFO	2017-06-26 22:15:53	SinglePassSamProgram	Processed    36,000,000 records.  Elapsed time: 00:01:46s.  Time for last 1,000,000:    3s.  Last read position: 18:66,770,016
INFO	2017-06-26 22:15:56	SinglePassSamProgram	Processed    37,000,000 records.  Elapsed time: 00:01:49s.  Time for last 1,000,000:    3s.  Last read position: 20:17,532,706
INFO	2017-06-26 22:15:59	SinglePassSamProgram	Processed    38,000,000 records.  Elapsed time: 00:01:52s.  Time for last 1,000,000:    2s.  Last read position: 21:28,792,557
INFO	2017-06-26 22:16:02	SinglePassSamProgram	Processed    39,000,000 records.  Elapsed time: 00:01:55s.  Time for last 1,000,000:    2s.  Last read position: X:32,897,681
INFO	2017-06-26 22:16:05	SinglePassSamProgram	Processed    40,000,000 records.  Elapsed time: 00:01:58s.  Time for last 1,000,000:    2s.  Last read position: MT:4,876
INFO	2017-06-26 22:16:07	RExecutor	Executing R script via command: Rscript /tmp/mevers/script3808774216114568942.R /home/mevers/Projects/CN_WGS/analysis/GRCh38+rDNA_repeat/picard-tools/insert_size/insert_size_TOV.sorted.dedup.txt /home/mevers/Projects/CN_WGS/analysis/GRCh38+rDNA_repeat/picard-tools/insert_size/insert_size_TOV.sorted.dedup.pdf TOV.sorted.dedup.bam
INFO	2017-06-26 22:16:08	ProcessExecutor	null device 
INFO	2017-06-26 22:16:08	ProcessExecutor	          1 
[Mon Jun 26 22:16:08 AEST 2017] picard.analysis.CollectInsertSizeMetrics done. Elapsed time: 2.03 minutes.
Runtime.totalMemory()=2202009600
