Java memory size is set to 1200M
Launching application...

QualiMap v.2.2.1
Built on 2016-10-03 18:14

Selected tool: multi-bamqc
Tue Jul 04 14:29:26 AEST 2017		WARNING	Output folder already exists, the results will be saved there

Running BAM QC on given samples

Started processing alignment/GRCh38+rDNA_repeat/Z38.sorted.bam


Loading sam header...
Loading locator...
Loading reference...
Number of windows: 400, effective number of windows: 425
Chunk of reads size: 1000
Number of threads: 4
Processed 50 out of 425 windows...
Processed 100 out of 425 windows...
Processed 150 out of 425 windows...
Processed 200 out of 425 windows...
Processed 250 out of 425 windows...
Processed 300 out of 425 windows...
Processed 350 out of 425 windows...
Processed 400 out of 425 windows...
Total processed windows:425
Number of reads: 48534244
Number of valid reads: 48534244
Number of correct strand reads:0

Inside of regions...
Num mapped reads: 48534244
Num mapped first of pair: 24267122
Num mapped second of pair: 24267122
Num singletons: 0
Time taken to analyze reads: 1107
Computing descriptors...
numberOfMappedBases: 4853351683
referenceSize: 3088329400
numberOfSequencedBases: 4852474798
numberOfAs: 1434012050
Computing per chromosome statistics...
Computing histograms...
Overall analysis time: 1131
